[1009/185044.005:ERROR:filesystem_win.cc(129)] GetFileAttributes C:\Users\cheerup\AppData\Local\Google\Chrome\User Data\Crashpad\attachments\0844ad3f-2e22-4d49-950a-7b8397b699ab: 지정된 경로를 찾을 수 없습니다. (0x3)
[1009/185044.039:ERROR:filesystem_win.cc(129)] GetFileAttributes C:\Users\cheerup\AppData\Local\Google\Chrome\User Data\Crashpad\attachments\0f53a227-e254-41ba-ac12-92712f60f2ce: 지정된 경로를 찾을 수 없습니다. (0x3)
[1009/185044.052:ERROR:filesystem_win.cc(129)] GetFileAttributes C:\Users\cheerup\AppData\Local\Google\Chrome\User Data\Crashpad\attachments\11a89e33-bf9f-4b00-b0a4-b24aeb0ecefb: 지정된 경로를 찾을 수 없습니다. (0x3)
[1009/185044.074:ERROR:filesystem_win.cc(129)] GetFileAttributes C:\Users\cheerup\AppData\Local\Google\Chrome\User Data\Crashpad\attachments\155a33f3-3bf1-4988-a753-618f19345542: 지정된 경로를 찾을 수 없습니다. (0x3)
[1009/185044.076:ERROR:filesystem_win.cc(129)] GetFileAttributes C:\Users\cheerup\AppData\Local\Google\Chrome\User Data\Crashpad\attachments\155b7151-1f51-4478-a2f1-add69909ead7: 지정된 경로를 찾을 수 없습니다. (0x3)
[1009/185044.083:ERROR:filesystem_win.cc(129)] GetFileAttributes C:\Users\cheerup\AppData\Local\Google\Chrome\User Data\Crashpad\attachments\16ae40d4-aa05-4a3a-b624-49aa140a4829: 지정된 경로를 찾을 수 없습니다. (0x3)
[1009/185044.090:ERROR:filesystem_win.cc(129)] GetFileAttributes C:\Users\cheerup\AppData\Local\Google\Chrome\User Data\Crashpad\attachments\17bd102f-022e-4495-87a4-ab6a7c762e7d: 지정된 경로를 찾을 수 없습니다. (0x3)
[1009/185044.097:ERROR:filesystem_win.cc(129)] GetFileAttributes C:\Users\cheerup\AppData\Local\Google\Chrome\User Data\Crashpad\attachments\187c83d9-3787-4727-af9c-56635acf4261: 지정된 경로를 찾을 수 없습니다. (0x3)
[1009/185044.105:ERROR:filesystem_win.cc(129)] GetFileAttributes C:\Users\cheerup\AppData\Local\Google\Chrome\User Data\Crashpad\attachments\1b6e3d7c-caa7-4311-91a8-f4208fb84ce0: 지정된 경로를 찾을 수 없습니다. (0x3)
[1009/185044.120:ERROR:filesystem_win.cc(129)] GetFileAttributes C:\Users\cheerup\AppData\Local\Google\Chrome\User Data\Crashpad\attachments\23cb1f0d-84da-44de-8348-e9990fc96d94: 지정된 경로를 찾을 수 없습니다. (0x3)
[1009/185044.125:ERROR:filesystem_win.cc(129)] GetFileAttributes C:\Users\cheerup\AppData\Local\Google\Chrome\User Data\Crashpad\attachments\240a1e91-bb5a-4454-911a-e51965feb55b: 지정된 경로를 찾을 수 없습니다. (0x3)
[1009/185044.139:ERROR:filesystem_win.cc(129)] GetFileAttributes C:\Users\cheerup\AppData\Local\Google\Chrome\User Data\Crashpad\attachments\274db2b1-490b-400b-8d91-edbc169d8b8d: 지정된 경로를 찾을 수 없습니다. (0x3)
[1009/185044.154:ERROR:filesystem_win.cc(129)] GetFileAttributes C:\Users\cheerup\AppData\Local\Google\Chrome\User Data\Crashpad\attachments\2a9e2f5c-e038-44bb-ae5e-f2cebac6e934: 지정된 경로를 찾을 수 없습니다. (0x3)
[1009/185044.156:ERROR:filesystem_win.cc(129)] GetFileAttributes C:\Users\cheerup\AppData\Local\Google\Chrome\User Data\Crashpad\attachments\2bc3433c-d7a6-4e5c-95d2-cecb052a558a: 지정된 경로를 찾을 수 없습니다. (0x3)
[1009/185044.170:ERROR:filesystem_win.cc(129)] GetFileAttributes C:\Users\cheerup\AppData\Local\Google\Chrome\User Data\Crashpad\attachments\3257fb51-0099-461a-9c28-9115a68d0bbb: 지정된 경로를 찾을 수 없습니다. (0x3)
[1009/185044.174:ERROR:filesystem_win.cc(129)] GetFileAttributes C:\Users\cheerup\AppData\Local\Google\Chrome\User Data\Crashpad\attachments\3316a5e2-5434-4f66-87ee-8d28d10e9a2f: 지정된 경로를 찾을 수 없습니다. (0x3)
[1009/185044.191:ERROR:filesystem_win.cc(129)] GetFileAttributes C:\Users\cheerup\AppData\Local\Google\Chrome\User Data\Crashpad\attachments\363d4e4c-5522-416e-98b2-e9bd2b0c930a: 지정된 경로를 찾을 수 없습니다. (0x3)
[1009/185044.203:ERROR:filesystem_win.cc(129)] GetFileAttributes C:\Users\cheerup\AppData\Local\Google\Chrome\User Data\Crashpad\attachments\396dc560-041d-431b-a830-2d6ba39427c7: 지정된 경로를 찾을 수 없습니다. (0x3)
[1009/185044.216:ERROR:filesystem_win.cc(129)] GetFileAttributes C:\Users\cheerup\AppData\Local\Google\Chrome\User Data\Crashpad\attachments\42ccdfa6-a7d5-43d7-bd5f-1122a7a69097: 지정된 경로를 찾을 수 없습니다. (0x3)
[1009/185044.228:ERROR:filesystem_win.cc(129)] GetFileAttributes C:\Users\cheerup\AppData\Local\Google\Chrome\User Data\Crashpad\attachments\49672281-23c9-4d3e-879e-26488432ed88: 지정된 경로를 찾을 수 없습니다. (0x3)
[1009/185044.247:ERROR:filesystem_win.cc(129)] GetFileAttributes C:\Users\cheerup\AppData\Local\Google\Chrome\User Data\Crashpad\attachments\4bc7ba9a-3595-4b50-82b2-6a5c72427cae: 지정된 경로를 찾을 수 없습니다. (0x3)
[1009/185044.249:ERROR:filesystem_win.cc(129)] GetFileAttributes C:\Users\cheerup\AppData\Local\Google\Chrome\User Data\Crashpad\attachments\500391a9-67c9-4d81-8b77-ebb65e6cfd8e: 지정된 경로를 찾을 수 없습니다. (0x3)
[1009/185044.287:ERROR:filesystem_win.cc(129)] GetFileAttributes C:\Users\cheerup\AppData\Local\Google\Chrome\User Data\Crashpad\attachments\54e969f0-42aa-42f4-9483-afe75e1797e1: 지정된 경로를 찾을 수 없습니다. (0x3)
[1009/185044.325:ERROR:filesystem_win.cc(129)] GetFileAttributes C:\Users\cheerup\AppData\Local\Google\Chrome\User Data\Crashpad\attachments\5a221b58-023a-48d7-84c5-d8b2396c8601: 지정된 경로를 찾을 수 없습니다. (0x3)
[1009/185044.334:ERROR:filesystem_win.cc(129)] GetFileAttributes C:\Users\cheerup\AppData\Local\Google\Chrome\User Data\Crashpad\attachments\5ca9fc58-2272-4714-be50-3d1b1a759a43: 지정된 경로를 찾을 수 없습니다. (0x3)
[1009/185044.340:ERROR:filesystem_win.cc(129)] GetFileAttributes C:\Users\cheerup\AppData\Local\Google\Chrome\User Data\Crashpad\attachments\5d57141f-aaf7-43af-a6d0-97ab3e8644ad: 지정된 경로를 찾을 수 없습니다. (0x3)
[1009/185044.346:ERROR:filesystem_win.cc(129)] GetFileAttributes C:\Users\cheerup\AppData\Local\Google\Chrome\User Data\Crashpad\attachments\5d795e56-8d0f-4e5c-993a-ec8ce44efae3: 지정된 경로를 찾을 수 없습니다. (0x3)
[1009/185044.354:ERROR:filesystem_win.cc(129)] GetFileAttributes C:\Users\cheerup\AppData\Local\Google\Chrome\User Data\Crashpad\attachments\5f300f14-3f3b-4f14-aba7-2a43048194cd: 지정된 경로를 찾을 수 없습니다. (0x3)
[1009/185044.367:ERROR:filesystem_win.cc(129)] GetFileAttributes C:\Users\cheerup\AppData\Local\Google\Chrome\User Data\Crashpad\attachments\627b4de1-3418-4c2b-bbd6-743c426ac001: 지정된 경로를 찾을 수 없습니다. (0x3)
[1009/185044.373:ERROR:filesystem_win.cc(129)] GetFileAttributes C:\Users\cheerup\AppData\Local\Google\Chrome\User Data\Crashpad\attachments\646d36f7-64fa-4b7d-b6fb-830c14e9de1c: 지정된 경로를 찾을 수 없습니다. (0x3)
[1009/185044.401:ERROR:filesystem_win.cc(129)] GetFileAttributes C:\Users\cheerup\AppData\Local\Google\Chrome\User Data\Crashpad\attachments\6a32e6e6-8dcc-46d8-b8f2-1b93b37709d8: 지정된 경로를 찾을 수 없습니다. (0x3)
[1009/185044.403:ERROR:filesystem_win.cc(129)] GetFileAttributes C:\Users\cheerup\AppData\Local\Google\Chrome\User Data\Crashpad\attachments\6b2fe6f8-fe67-4511-8ddb-50876568df4b: 지정된 경로를 찾을 수 없습니다. (0x3)
[1009/185044.419:ERROR:filesystem_win.cc(129)] GetFileAttributes C:\Users\cheerup\AppData\Local\Google\Chrome\User Data\Crashpad\attachments\7193a7a9-6443-4eb8-bcc7-e5a5fb4de317: 지정된 경로를 찾을 수 없습니다. (0x3)
[1009/185044.429:ERROR:filesystem_win.cc(129)] GetFileAttributes C:\Users\cheerup\AppData\Local\Google\Chrome\User Data\Crashpad\attachments\72a16037-9d2b-4ddc-8fd4-d6b23ccb3c42: 지정된 경로를 찾을 수 없습니다. (0x3)
[1009/185044.438:ERROR:filesystem_win.cc(129)] GetFileAttributes C:\Users\cheerup\AppData\Local\Google\Chrome\User Data\Crashpad\attachments\72c4714e-fa88-4fc7-9761-68662b075cd1: 지정된 경로를 찾을 수 없습니다. (0x3)
[1009/185044.441:ERROR:filesystem_win.cc(129)] GetFileAttributes C:\Users\cheerup\AppData\Local\Google\Chrome\User Data\Crashpad\attachments\72ebe92b-308f-4158-9ce9-5437e7af1e86: 지정된 경로를 찾을 수 없습니다. (0x3)
[1009/185044.444:ERROR:filesystem_win.cc(129)] GetFileAttributes C:\Users\cheerup\AppData\Local\Google\Chrome\User Data\Crashpad\attachments\73c14351-343d-429c-8018-98ffd44f738c: 지정된 경로를 찾을 수 없습니다. (0x3)
[1009/185044.450:ERROR:filesystem_win.cc(129)] GetFileAttributes C:\Users\cheerup\AppData\Local\Google\Chrome\User Data\Crashpad\attachments\75779aef-685a-4435-8530-3ea5693c0784: 지정된 경로를 찾을 수 없습니다. (0x3)
[1009/185044.464:ERROR:filesystem_win.cc(129)] GetFileAttributes C:\Users\cheerup\AppData\Local\Google\Chrome\User Data\Crashpad\attachments\76ba6f07-b9fc-4539-a921-5d3d73f36b58: 지정된 경로를 찾을 수 없습니다. (0x3)
[1009/185044.474:ERROR:filesystem_win.cc(129)] GetFileAttributes C:\Users\cheerup\AppData\Local\Google\Chrome\User Data\Crashpad\attachments\79ce3fc3-0f42-4f68-b9b0-2c08075f9f3b: 지정된 경로를 찾을 수 없습니다. (0x3)
[1009/185044.487:ERROR:filesystem_win.cc(129)] GetFileAttributes C:\Users\cheerup\AppData\Local\Google\Chrome\User Data\Crashpad\attachments\7ed06232-9295-4a70-a0d1-7344295ed68f: 지정된 경로를 찾을 수 없습니다. (0x3)
[1009/185044.489:ERROR:filesystem_win.cc(129)] GetFileAttributes C:\Users\cheerup\AppData\Local\Google\Chrome\User Data\Crashpad\attachments\7f60dde4-4014-4eb5-a582-18626584e528: 지정된 경로를 찾을 수 없습니다. (0x3)
[1009/185044.491:ERROR:filesystem_win.cc(129)] GetFileAttributes C:\Users\cheerup\AppData\Local\Google\Chrome\User Data\Crashpad\attachments\81dadaf7-bd17-4743-b4cb-934c97b5e48d: 지정된 경로를 찾을 수 없습니다. (0x3)
[1009/185044.503:ERROR:filesystem_win.cc(129)] GetFileAttributes C:\Users\cheerup\AppData\Local\Google\Chrome\User Data\Crashpad\attachments\893444c4-1110-4a58-8454-aa09271bc567: 지정된 경로를 찾을 수 없습니다. (0x3)
[1009/185044.510:ERROR:filesystem_win.cc(129)] GetFileAttributes C:\Users\cheerup\AppData\Local\Google\Chrome\User Data\Crashpad\attachments\895534d4-588e-40e5-89bd-87d833845e8e: 지정된 경로를 찾을 수 없습니다. (0x3)
[1009/185044.511:ERROR:filesystem_win.cc(129)] GetFileAttributes C:\Users\cheerup\AppData\Local\Google\Chrome\User Data\Crashpad\attachments\8a276c53-0e24-4fa0-8023-ce416f28086d: 지정된 경로를 찾을 수 없습니다. (0x3)
[1009/185044.525:ERROR:filesystem_win.cc(129)] GetFileAttributes C:\Users\cheerup\AppData\Local\Google\Chrome\User Data\Crashpad\attachments\8ef5fbd8-3594-403e-a91b-c9b07d9a5051: 지정된 경로를 찾을 수 없습니다. (0x3)
[1009/185044.529:ERROR:filesystem_win.cc(129)] GetFileAttributes C:\Users\cheerup\AppData\Local\Google\Chrome\User Data\Crashpad\attachments\9559d573-f7a5-455e-81d7-55373b63dc56: 지정된 경로를 찾을 수 없습니다. (0x3)
[1009/185044.540:ERROR:filesystem_win.cc(129)] GetFileAttributes C:\Users\cheerup\AppData\Local\Google\Chrome\User Data\Crashpad\attachments\96a88fd5-9d47-4f07-8612-183d5efa57af: 지정된 경로를 찾을 수 없습니다. (0x3)
[1009/185044.572:ERROR:filesystem_win.cc(129)] GetFileAttributes C:\Users\cheerup\AppData\Local\Google\Chrome\User Data\Crashpad\attachments\99e6b5d6-253f-4765-9a8e-1aa1d2ce8a50: 지정된 경로를 찾을 수 없습니다. (0x3)
[1009/185044.596:ERROR:filesystem_win.cc(129)] GetFileAttributes C:\Users\cheerup\AppData\Local\Google\Chrome\User Data\Crashpad\attachments\9a15905e-17a9-4e51-b72a-ce3ee874da99: 지정된 경로를 찾을 수 없습니다. (0x3)
[1009/185044.622:ERROR:filesystem_win.cc(129)] GetFileAttributes C:\Users\cheerup\AppData\Local\Google\Chrome\User Data\Crashpad\attachments\9c6501e7-3d03-4ae7-8f44-fa13ec1f79ec: 지정된 경로를 찾을 수 없습니다. (0x3)
[1009/185044.648:ERROR:filesystem_win.cc(129)] GetFileAttributes C:\Users\cheerup\AppData\Local\Google\Chrome\User Data\Crashpad\attachments\a044be64-c6f0-4454-bc21-c3439616cbe4: 지정된 경로를 찾을 수 없습니다. (0x3)
[1009/185044.651:ERROR:filesystem_win.cc(129)] GetFileAttributes C:\Users\cheerup\AppData\Local\Google\Chrome\User Data\Crashpad\attachments\a0b18d7c-8b5a-4bd7-8e78-04eb92629d51: 지정된 경로를 찾을 수 없습니다. (0x3)
[1009/185044.658:ERROR:filesystem_win.cc(129)] GetFileAttributes C:\Users\cheerup\AppData\Local\Google\Chrome\User Data\Crashpad\attachments\a74a1a2a-1af0-42fa-8d86-062b0e1dc8dd: 지정된 경로를 찾을 수 없습니다. (0x3)
[1009/185044.666:ERROR:filesystem_win.cc(129)] GetFileAttributes C:\Users\cheerup\AppData\Local\Google\Chrome\User Data\Crashpad\attachments\a751901e-f21d-4d3f-b886-e508496d1eb1: 지정된 경로를 찾을 수 없습니다. (0x3)
[1009/185044.670:ERROR:filesystem_win.cc(129)] GetFileAttributes C:\Users\cheerup\AppData\Local\Google\Chrome\User Data\Crashpad\attachments\a8e1cc41-8fc1-4e4d-a072-45bfdbb53d1b: 지정된 경로를 찾을 수 없습니다. (0x3)
[1009/185044.675:ERROR:filesystem_win.cc(129)] GetFileAttributes C:\Users\cheerup\AppData\Local\Google\Chrome\User Data\Crashpad\attachments\a8fa6728-251d-42ce-a267-a0b6cabb6d58: 지정된 경로를 찾을 수 없습니다. (0x3)
[1009/185044.685:ERROR:filesystem_win.cc(129)] GetFileAttributes C:\Users\cheerup\AppData\Local\Google\Chrome\User Data\Crashpad\attachments\ab8f3cef-57f5-4e08-98c7-c5dfe714badb: 지정된 경로를 찾을 수 없습니다. (0x3)
[1009/185044.711:ERROR:filesystem_win.cc(129)] GetFileAttributes C:\Users\cheerup\AppData\Local\Google\Chrome\User Data\Crashpad\attachments\b3c3efba-1e4b-4263-bcf9-81a1b6277aba: 지정된 경로를 찾을 수 없습니다. (0x3)
[1009/185044.713:ERROR:filesystem_win.cc(129)] GetFileAttributes C:\Users\cheerup\AppData\Local\Google\Chrome\User Data\Crashpad\attachments\b6698ccb-ccc8-4463-8825-a98a6996c978: 지정된 경로를 찾을 수 없습니다. (0x3)
[1009/185044.729:ERROR:filesystem_win.cc(129)] GetFileAttributes C:\Users\cheerup\AppData\Local\Google\Chrome\User Data\Crashpad\attachments\bde69339-c39c-4a37-8318-85d376675f77: 지정된 경로를 찾을 수 없습니다. (0x3)
[1009/185044.738:ERROR:filesystem_win.cc(129)] GetFileAttributes C:\Users\cheerup\AppData\Local\Google\Chrome\User Data\Crashpad\attachments\be224c36-8888-4af4-a398-e373d1729dfc: 지정된 경로를 찾을 수 없습니다. (0x3)
[1009/185044.753:ERROR:filesystem_win.cc(129)] GetFileAttributes C:\Users\cheerup\AppData\Local\Google\Chrome\User Data\Crashpad\attachments\c16b4226-59a6-4bd5-842b-24ecfd2bf009: 지정된 경로를 찾을 수 없습니다. (0x3)
[1009/185044.763:ERROR:filesystem_win.cc(129)] GetFileAttributes C:\Users\cheerup\AppData\Local\Google\Chrome\User Data\Crashpad\attachments\c1a88a67-02bd-4758-a2e0-bf6a30d52e43: 지정된 경로를 찾을 수 없습니다. (0x3)
[1009/185044.768:ERROR:filesystem_win.cc(129)] GetFileAttributes C:\Users\cheerup\AppData\Local\Google\Chrome\User Data\Crashpad\attachments\c39bfad2-8b03-451a-843e-efcb490a0f61: 지정된 경로를 찾을 수 없습니다. (0x3)
[1009/185044.786:ERROR:filesystem_win.cc(129)] GetFileAttributes C:\Users\cheerup\AppData\Local\Google\Chrome\User Data\Crashpad\attachments\cc56f919-360d-4082-a45f-e4252fca8a45: 지정된 경로를 찾을 수 없습니다. (0x3)
[1009/185044.800:ERROR:filesystem_win.cc(129)] GetFileAttributes C:\Users\cheerup\AppData\Local\Google\Chrome\User Data\Crashpad\attachments\ce62d6a3-02fe-4533-aedf-0d0bc6b02e1c: 지정된 경로를 찾을 수 없습니다. (0x3)
[1009/185044.868:ERROR:filesystem_win.cc(129)] GetFileAttributes C:\Users\cheerup\AppData\Local\Google\Chrome\User Data\Crashpad\attachments\d990a905-313e-42fa-8675-56479b6b20a1: 지정된 경로를 찾을 수 없습니다. (0x3)
[1009/185044.883:ERROR:filesystem_win.cc(129)] GetFileAttributes C:\Users\cheerup\AppData\Local\Google\Chrome\User Data\Crashpad\attachments\da4d7891-291b-4a36-9c14-600a0d67a8ef: 지정된 경로를 찾을 수 없습니다. (0x3)
[1009/185044.901:ERROR:filesystem_win.cc(129)] GetFileAttributes C:\Users\cheerup\AppData\Local\Google\Chrome\User Data\Crashpad\attachments\dd6f45ac-1159-4983-b69c-0562a366163a: 지정된 경로를 찾을 수 없습니다. (0x3)
[1009/185044.912:ERROR:filesystem_win.cc(129)] GetFileAttributes C:\Users\cheerup\AppData\Local\Google\Chrome\User Data\Crashpad\attachments\dff19490-ec5f-4b51-9884-891c76eb3ca2: 지정된 경로를 찾을 수 없습니다. (0x3)
[1009/185044.936:ERROR:filesystem_win.cc(129)] GetFileAttributes C:\Users\cheerup\AppData\Local\Google\Chrome\User Data\Crashpad\attachments\e95486de-7796-495d-92fc-af015f3ff0eb: 지정된 경로를 찾을 수 없습니다. (0x3)
[1009/185044.938:ERROR:filesystem_win.cc(129)] GetFileAttributes C:\Users\cheerup\AppData\Local\Google\Chrome\User Data\Crashpad\attachments\eb597f01-c864-47a2-bc98-acfca00200c8: 지정된 경로를 찾을 수 없습니다. (0x3)
[1009/185044.940:ERROR:filesystem_win.cc(129)] GetFileAttributes C:\Users\cheerup\AppData\Local\Google\Chrome\User Data\Crashpad\attachments\ed972e0a-11f5-46d7-8864-514652977927: 지정된 경로를 찾을 수 없습니다. (0x3)
[1009/185044.953:ERROR:filesystem_win.cc(129)] GetFileAttributes C:\Users\cheerup\AppData\Local\Google\Chrome\User Data\Crashpad\attachments\f1e9d562-2d7a-4570-b664-bb6b38fda3f2: 지정된 경로를 찾을 수 없습니다. (0x3)
[1009/185044.966:ERROR:filesystem_win.cc(129)] GetFileAttributes C:\Users\cheerup\AppData\Local\Google\Chrome\User Data\Crashpad\attachments\f5aa3b31-1c8d-45ca-94c9-70d4416bdc93: 지정된 경로를 찾을 수 없습니다. (0x3)
[1009/185044.980:ERROR:filesystem_win.cc(129)] GetFileAttributes C:\Users\cheerup\AppData\Local\Google\Chrome\User Data\Crashpad\attachments\f7446145-bdcd-4ea3-a4e1-44981e63e80e: 지정된 경로를 찾을 수 없습니다. (0x3)
[1009/185044.991:ERROR:filesystem_win.cc(129)] GetFileAttributes C:\Users\cheerup\AppData\Local\Google\Chrome\User Data\Crashpad\attachments\f9f54c21-4eec-4c23-8e21-9986a10f315d: 지정된 경로를 찾을 수 없습니다. (0x3)
[1009/185044.998:ERROR:filesystem_win.cc(129)] GetFileAttributes C:\Users\cheerup\AppData\Local\Google\Chrome\User Data\Crashpad\attachments\fb6fb0c2-6468-4a1a-a660-4a470fa07c5f: 지정된 경로를 찾을 수 없습니다. (0x3)
[1009/185045.008:ERROR:filesystem_win.cc(129)] GetFileAttributes C:\Users\cheerup\AppData\Local\Google\Chrome\User Data\Crashpad\attachments\fd731b0f-7302-41da-9ed7-b9cef7b1435f: 지정된 경로를 찾을 수 없습니다. (0x3)
[1009/185045.010:ERROR:filesystem_win.cc(129)] GetFileAttributes C:\Users\cheerup\AppData\Local\Google\Chrome\User Data\Crashpad\attachments\fdbb8045-9921-4750-af0d-0f53eab83708: 지정된 경로를 찾을 수 없습니다. (0x3)
[1009/185045.023:ERROR:directory_reader_win.cc(43)] FindFirstFile: 지정된 경로를 찾을 수 없습니다. (0x3)
[1011/071114.031:ERROR:directory_reader_win.cc(43)] FindFirstFile: 지정된 경로를 찾을 수 없습니다. (0x3)
[1011/071645.468:ERROR:process_info.cc(329)] VirtualQueryEx: 액세스가 거부되었습니다. (0x5)
[1011/071645.468:ERROR:process_info.cc(556)] ReadMemoryInfo failed
[1011/071645.468:ERROR:scoped_process_suspend.cc(40)] NtResumeProcess: 기존 프로세스에 액세스하려고 했습니다. (0xc000010a)
